Internal ctest changing into directory: /home/pirum/University-labs/algorithmization_and_programming/lab_06/lab_06_4_it/build
Test project /home/pirum/University-labs/algorithmization_and_programming/lab_06/lab_06_4_it/build
    Start 1: ArrayFunctionsTest.SumOdd
    Start 2: ArrayFunctionsTest.FirstNegativeElement
    Start 4: ArrayFunctionsTest.SumBetweenNegatives
    Start 3: ArrayFunctionsTest.LastNegativeElement
1/4 Test #1: ArrayFunctionsTest.SumOdd .................   Passed    0.01 sec
2/4 Test #2: ArrayFunctionsTest.FirstNegativeElement ...   Passed    0.00 sec
3/4 Test #4: ArrayFunctionsTest.SumBetweenNegatives ....   Passed    0.00 sec
4/4 Test #3: ArrayFunctionsTest.LastNegativeElement ....   Passed    0.00 sec

100% tests passed, 0 tests failed out of 4

Total Test time (real) =   0.01 sec
